<?xml version="1.0" encoding="UTF-8"?>
<!-- Generated by org.testng.reporters.JUnitXMLReporter -->
<testsuite ignored="0" hostname="Saurabhs-MacBook-Pro.local" failures="0" tests="2" name="Homepage tests on Firefox" time="0.117" errors="0" timestamp="2022-06-24T11:05:44 IST">
  <testcase classname="com.renewBuy.tests.BaseTest" name="@BeforeMethod setup" time="0.037">
    <failure type="java.lang.IllegalStateException" message="The driver executable must exist: /Users/saurabhdhingra/eclipse-workspace/ModularFramework-16062022/driver/geckodriver">
      <![CDATA[java.lang.IllegalStateException: The driver executable must exist: /Users/saurabhdhingra/eclipse-workspace/ModularFramework-16062022/driver/geckodriver
at org.openqa.selenium.internal.Require$FileStateChecker.isFile(Require.java:342)
at org.openqa.selenium.remote.service.DriverService.checkExecutable(DriverService.java:147)
at org.openqa.selenium.remote.service.DriverService.findExecutable(DriverService.java:142)
at org.openqa.selenium.firefox.GeckoDriverService.access$100(GeckoDriverService.java:45)
at org.openqa.selenium.firefox.GeckoDriverService$Builder.findDefaultExecutable(GeckoDriverService.java:181)
at org.openqa.selenium.remote.service.DriverService$Builder.build(DriverService.java:437)
at org.openqa.selenium.firefox.GeckoDriverService.createDefaultService(GeckoDriverService.java:94)
at org.openqa.selenium.firefox.FirefoxDriver.<init>(FirefoxDriver.java:106)
at org.openqa.selenium.firefox.FirefoxDriver.<init>(FirefoxDriver.java:86)
at commonLibs.CommonDriver.<init>(CommonDriver.java:44)
at com.renewBuy.tests.BaseTest.openBrowserAndNavigateToAUrl(BaseTest.java:129)
at com.renewBuy.tests.BaseTest.setup(BaseTest.java:87)
at java.base/java.util.ArrayList.forEach(ArrayList.java:1511)
... Removed 31 stack frames]]>
    </failure>
  </testcase> <!-- @BeforeMethod setup -->
  <testcase classname="com.renewBuy.tests.BaseTest" name="@AfterMethod cleanUp" time="0.002">
    <failure type="java.lang.NullPointerException" message="Cannot invoke &amp;quot;commonLibs.CommonDriver.closeAllBrowser()&amp;quot; because &amp;quot;this.cmnDriver&amp;quot; is null">
      <![CDATA[java.lang.NullPointerException: Cannot invoke "commonLibs.CommonDriver.closeAllBrowser()" because "this.cmnDriver" is null
at com.renewBuy.tests.BaseTest.closeBrowerInstance(BaseTest.java:154)
at com.renewBuy.tests.BaseTest.cleanUp(BaseTest.java:109)
at java.base/java.util.ArrayList.forEach(ArrayList.java:1511)
... Removed 32 stack frames]]>
    </failure>
  </testcase> <!-- @AfterMethod cleanUp -->
  <testcase classname="com.renewBuy.tests.BaseTest" name="@BeforeMethod setup" time="0.004">
    <failure type="java.lang.IllegalStateException" message="The driver executable must exist: /Users/saurabhdhingra/eclipse-workspace/ModularFramework-16062022/driver/geckodriver">
      <![CDATA[java.lang.IllegalStateException: The driver executable must exist: /Users/saurabhdhingra/eclipse-workspace/ModularFramework-16062022/driver/geckodriver
at org.openqa.selenium.internal.Require$FileStateChecker.isFile(Require.java:342)
at org.openqa.selenium.remote.service.DriverService.checkExecutable(DriverService.java:147)
at org.openqa.selenium.remote.service.DriverService.findExecutable(DriverService.java:142)
at org.openqa.selenium.firefox.GeckoDriverService.access$100(GeckoDriverService.java:45)
at org.openqa.selenium.firefox.GeckoDriverService$Builder.findDefaultExecutable(GeckoDriverService.java:181)
at org.openqa.selenium.remote.service.DriverService$Builder.build(DriverService.java:437)
at org.openqa.selenium.firefox.GeckoDriverService.createDefaultService(GeckoDriverService.java:94)
at org.openqa.selenium.firefox.FirefoxDriver.<init>(FirefoxDriver.java:106)
at org.openqa.selenium.firefox.FirefoxDriver.<init>(FirefoxDriver.java:86)
at commonLibs.CommonDriver.<init>(CommonDriver.java:44)
at com.renewBuy.tests.BaseTest.openBrowserAndNavigateToAUrl(BaseTest.java:129)
at com.renewBuy.tests.BaseTest.setup(BaseTest.java:87)
at java.base/java.util.ArrayList.forEach(ArrayList.java:1511)
... Removed 31 stack frames]]>
    </failure>
  </testcase> <!-- @BeforeMethod setup -->
  <testcase classname="com.renewBuy.tests.BaseTest" name="@AfterMethod cleanUp" time="0.001">
    <failure type="java.lang.NullPointerException" message="Cannot invoke &amp;quot;commonLibs.CommonDriver.closeAllBrowser()&amp;quot; because &amp;quot;this.cmnDriver&amp;quot; is null">
      <![CDATA[java.lang.NullPointerException: Cannot invoke "commonLibs.CommonDriver.closeAllBrowser()" because "this.cmnDriver" is null
at com.renewBuy.tests.BaseTest.closeBrowerInstance(BaseTest.java:154)
at com.renewBuy.tests.BaseTest.cleanUp(BaseTest.java:109)
at java.base/java.util.ArrayList.forEach(ArrayList.java:1511)
... Removed 32 stack frames]]>
    </failure>
  </testcase> <!-- @AfterMethod cleanUp -->
  <testcase classname="com.renewBuy.tests.AmazonTests" name="verifyHomepageTitle" time="0.0">
    <skipped/>
  </testcase> <!-- verifyHomepageTitle -->
  <testcase classname="com.renewBuy.tests.AmazonTests" name="searchProduct" time="0.0">
    <skipped/>
  </testcase> <!-- searchProduct -->
</testsuite> <!-- Homepage tests on Firefox -->
