<?xml version="1.0" encoding="UTF-8"?>
<!-- Generated by org.testng.reporters.JUnitXMLReporter -->
<testsuite ignored="3" hostname="Saurabhs-MacBook-Pro.local" failures="0" tests="1" name="Homepage tests" time="16.185" errors="0" timestamp="2022-06-24T10:54:58 IST">
  <testcase classname="com.renewBuy.tests.AmazonTests" name="verifyHomepageTitle" time="0.633"/>
  <testcase classname="com.renewBuy.tests.AmazonTests" name="searchProduct" time="0.0">
    <ignored/>
  </testcase> <!-- searchProduct -->
  <testcase classname="com.renewBuy.tests.BaseTest" name="@BeforeSuite initialise" time="0.0">
    <ignored/>
  </testcase> <!-- @BeforeSuite initialise -->
  <testcase classname="com.renewBuy.tests.BaseTest" name="@AfterSuite cleanupAfterSuite" time="0.0">
    <ignored/>
  </testcase> <!-- @AfterSuite cleanupAfterSuite -->
</testsuite> <!-- Homepage tests -->
