<?xml version="1.0" encoding="UTF-8"?>
<!-- Generated by org.testng.reporters.JUnitXMLReporter -->
<testsuite ignored="1" hostname="Saurabhs-MacBook-Pro.local" failures="0" tests="1" name="Default test" time="28.239" errors="0" timestamp="2022-06-23T12:21:07 IST">
  <testcase classname="com.renewBuy.tests.AmazonTests" name="searchProduct" time="16.846"/>
  <testcase classname="com.renewBuy.tests.AmazonTests" name="verifyHomepageTitle" time="0.0">
    <ignored/>
  </testcase> <!-- verifyHomepageTitle -->
</testsuite> <!-- Default test -->
