<?xml version="1.0" encoding="UTF-8"?>
<!-- Generated by org.testng.reporters.JUnitXMLReporter -->
<testsuite ignored="2" hostname="Saurabhs-MacBook-Pro.local" failures="0" tests="2" name="Default test" time="52.8" errors="0" timestamp="2022-07-01T11:19:56 IST">
  <testcase classname="com.renewBuy.tests.AmazonTests" name="searchProductDataDriven" time="12.423"/>
  <testcase classname="com.renewBuy.tests.AmazonTests" name="searchProductDataDriven" time="12.732"/>
  <testcase classname="com.renewBuy.tests.AmazonTests" name="searchProduct" time="0.0">
    <ignored/>
  </testcase> <!-- searchProduct -->
  <testcase classname="com.renewBuy.tests.AmazonTests" name="verifyHomepageTitle" time="0.0">
    <ignored/>
  </testcase> <!-- verifyHomepageTitle -->
</testsuite> <!-- Default test -->
