<?xml version="1.0" encoding="UTF-8"?>
<!-- Generated by org.testng.reporters.JUnitXMLReporter -->
<testsuite ignored="0" hostname="Saurabhs-MacBook-Pro.local" failures="0" tests="4" name="Homepage tests on Chrome" time="1.076" errors="0" timestamp="2022-07-01T11:41:13 IST">
  <testcase classname="com.renewBuy.tests.BaseTest" name="@BeforeMethod setup" time="0.002">
    <failure type="java.lang.NullPointerException" message="Cannot invoke &amp;quot;utils.ReportUtils.createTestCase(String, String)&amp;quot; because &amp;quot;this.reportUtils&amp;quot; is null">
      <![CDATA[java.lang.NullPointerException: Cannot invoke "utils.ReportUtils.createTestCase(String, String)" because "this.reportUtils" is null
at com.renewBuy.tests.BaseTest.setup(BaseTest.java:83)
at java.base/java.util.ArrayList.forEach(ArrayList.java:1511)
at java.base/java.util.concurrent.FutureTask.run(FutureTask.java:264)
at java.base/java.util.concurrent.ThreadPoolExecutor.runWorker(ThreadPoolExecutor.java:1136)
at java.base/java.util.concurrent.ThreadPoolExecutor$Worker.run(ThreadPoolExecutor.java:635)
at java.base/java.lang.Thread.run(Thread.java:833)
... Removed 21 stack frames]]>
    </failure>
  </testcase> <!-- @BeforeMethod setup -->
  <testcase classname="com.renewBuy.tests.BaseTest" name="@AfterMethod cleanUp" time="0.002">
    <failure type="java.lang.NullPointerException" message="Cannot invoke &amp;quot;utils.ReportUtils.addLogs(String, String)&amp;quot; because &amp;quot;this.reportUtils&amp;quot; is null">
      <![CDATA[java.lang.NullPointerException: Cannot invoke "utils.ReportUtils.addLogs(String, String)" because "this.reportUtils" is null
at com.renewBuy.tests.BaseTest.cleanUp(BaseTest.java:104)
at java.base/java.util.ArrayList.forEach(ArrayList.java:1511)
at java.base/java.util.concurrent.FutureTask.run(FutureTask.java:264)
at java.base/java.util.concurrent.ThreadPoolExecutor.runWorker(ThreadPoolExecutor.java:1136)
at java.base/java.util.concurrent.ThreadPoolExecutor$Worker.run(ThreadPoolExecutor.java:635)
at java.base/java.lang.Thread.run(Thread.java:833)
... Removed 22 stack frames]]>
    </failure>
  </testcase> <!-- @AfterMethod cleanUp -->
  <testcase classname="com.renewBuy.tests.BaseTest" name="@BeforeMethod setup" time="0.0">
    <failure type="java.lang.NullPointerException" message="Cannot invoke &amp;quot;utils.ReportUtils.createTestCase(String, String)&amp;quot; because &amp;quot;this.reportUtils&amp;quot; is null">
      <![CDATA[java.lang.NullPointerException: Cannot invoke "utils.ReportUtils.createTestCase(String, String)" because "this.reportUtils" is null
at com.renewBuy.tests.BaseTest.setup(BaseTest.java:83)
at java.base/java.util.ArrayList.forEach(ArrayList.java:1511)
at java.base/java.util.concurrent.FutureTask.run(FutureTask.java:264)
at java.base/java.util.concurrent.ThreadPoolExecutor.runWorker(ThreadPoolExecutor.java:1136)
at java.base/java.util.concurrent.ThreadPoolExecutor$Worker.run(ThreadPoolExecutor.java:635)
at java.base/java.lang.Thread.run(Thread.java:833)
... Removed 21 stack frames]]>
    </failure>
  </testcase> <!-- @BeforeMethod setup -->
  <testcase classname="com.renewBuy.tests.BaseTest" name="@AfterMethod cleanUp" time="0.001">
    <failure type="java.lang.NullPointerException" message="Cannot invoke &amp;quot;utils.ReportUtils.addLogs(String, String)&amp;quot; because &amp;quot;this.reportUtils&amp;quot; is null">
      <![CDATA[java.lang.NullPointerException: Cannot invoke "utils.ReportUtils.addLogs(String, String)" because "this.reportUtils" is null
at com.renewBuy.tests.BaseTest.cleanUp(BaseTest.java:104)
at java.base/java.util.ArrayList.forEach(ArrayList.java:1511)
at java.base/java.util.concurrent.FutureTask.run(FutureTask.java:264)
at java.base/java.util.concurrent.ThreadPoolExecutor.runWorker(ThreadPoolExecutor.java:1136)
at java.base/java.util.concurrent.ThreadPoolExecutor$Worker.run(ThreadPoolExecutor.java:635)
at java.base/java.lang.Thread.run(Thread.java:833)
... Removed 22 stack frames]]>
    </failure>
  </testcase> <!-- @AfterMethod cleanUp -->
  <testcase classname="com.renewBuy.tests.BaseTest" name="@BeforeMethod setup" time="0.005">
    <failure type="java.lang.NullPointerException" message="Cannot invoke &amp;quot;utils.ReportUtils.createTestCase(String, String)&amp;quot; because &amp;quot;this.reportUtils&amp;quot; is null">
      <![CDATA[java.lang.NullPointerException: Cannot invoke "utils.ReportUtils.createTestCase(String, String)" because "this.reportUtils" is null
at com.renewBuy.tests.BaseTest.setup(BaseTest.java:83)
at java.base/java.util.ArrayList.forEach(ArrayList.java:1511)
at java.base/java.util.concurrent.FutureTask.run(FutureTask.java:264)
at java.base/java.util.concurrent.ThreadPoolExecutor.runWorker(ThreadPoolExecutor.java:1136)
at java.base/java.util.concurrent.ThreadPoolExecutor$Worker.run(ThreadPoolExecutor.java:635)
at java.base/java.lang.Thread.run(Thread.java:833)
... Removed 21 stack frames]]>
    </failure>
  </testcase> <!-- @BeforeMethod setup -->
  <testcase classname="com.renewBuy.tests.BaseTest" name="@AfterMethod cleanUp" time="0.001">
    <failure type="java.lang.NullPointerException" message="Cannot invoke &amp;quot;utils.ReportUtils.addLogs(String, String)&amp;quot; because &amp;quot;this.reportUtils&amp;quot; is null">
      <![CDATA[java.lang.NullPointerException: Cannot invoke "utils.ReportUtils.addLogs(String, String)" because "this.reportUtils" is null
at com.renewBuy.tests.BaseTest.cleanUp(BaseTest.java:104)
at java.base/java.util.ArrayList.forEach(ArrayList.java:1511)
at java.base/java.util.concurrent.FutureTask.run(FutureTask.java:264)
at java.base/java.util.concurrent.ThreadPoolExecutor.runWorker(ThreadPoolExecutor.java:1136)
at java.base/java.util.concurrent.ThreadPoolExecutor$Worker.run(ThreadPoolExecutor.java:635)
at java.base/java.lang.Thread.run(Thread.java:833)
... Removed 22 stack frames]]>
    </failure>
  </testcase> <!-- @AfterMethod cleanUp -->
  <testcase classname="com.renewBuy.tests.BaseTest" name="@BeforeMethod setup" time="0.001">
    <failure type="java.lang.NullPointerException" message="Cannot invoke &amp;quot;utils.ReportUtils.createTestCase(String, String)&amp;quot; because &amp;quot;this.reportUtils&amp;quot; is null">
      <![CDATA[java.lang.NullPointerException: Cannot invoke "utils.ReportUtils.createTestCase(String, String)" because "this.reportUtils" is null
at com.renewBuy.tests.BaseTest.setup(BaseTest.java:83)
at java.base/java.util.ArrayList.forEach(ArrayList.java:1511)
at java.base/java.util.concurrent.FutureTask.run(FutureTask.java:264)
at java.base/java.util.concurrent.ThreadPoolExecutor.runWorker(ThreadPoolExecutor.java:1136)
at java.base/java.util.concurrent.ThreadPoolExecutor$Worker.run(ThreadPoolExecutor.java:635)
at java.base/java.lang.Thread.run(Thread.java:833)
... Removed 21 stack frames]]>
    </failure>
  </testcase> <!-- @BeforeMethod setup -->
  <testcase classname="com.renewBuy.tests.BaseTest" name="@AfterMethod cleanUp" time="0.0">
    <failure type="java.lang.NullPointerException" message="Cannot invoke &amp;quot;utils.ReportUtils.addLogs(String, String)&amp;quot; because &amp;quot;this.reportUtils&amp;quot; is null">
      <![CDATA[java.lang.NullPointerException: Cannot invoke "utils.ReportUtils.addLogs(String, String)" because "this.reportUtils" is null
at com.renewBuy.tests.BaseTest.cleanUp(BaseTest.java:104)
at java.base/java.util.ArrayList.forEach(ArrayList.java:1511)
at java.base/java.util.concurrent.FutureTask.run(FutureTask.java:264)
at java.base/java.util.concurrent.ThreadPoolExecutor.runWorker(ThreadPoolExecutor.java:1136)
at java.base/java.util.concurrent.ThreadPoolExecutor$Worker.run(ThreadPoolExecutor.java:635)
at java.base/java.lang.Thread.run(Thread.java:833)
... Removed 22 stack frames]]>
    </failure>
  </testcase> <!-- @AfterMethod cleanUp -->
  <testcase classname="com.renewBuy.tests.AmazonTests" name="verifyHomepageTitle" time="0.0">
    <skipped/>
  </testcase> <!-- verifyHomepageTitle -->
  <testcase classname="com.renewBuy.tests.AmazonTests" name="searchProduct" time="0.0">
    <skipped/>
  </testcase> <!-- searchProduct -->
  <testcase classname="com.renewBuy.tests.AmazonTests" name="searchProductDataDriven" time="0.0">
    <skipped/>
  </testcase> <!-- searchProductDataDriven -->
  <testcase classname="com.renewBuy.tests.AmazonTests" name="searchProductDataDriven" time="0.0">
    <skipped/>
  </testcase> <!-- searchProductDataDriven -->
</testsuite> <!-- Homepage tests on Chrome -->
