<?xml version="1.0" encoding="UTF-8"?>
<!-- Generated by org.testng.reporters.JUnitXMLReporter -->
<testsuite ignored="0" hostname="Saurabhs-MacBook-Pro.local" failures="0" tests="4" name="Homepage tests on Firefox" time="84.746" errors="0" timestamp="2022-07-01T11:42:36 IST">
  <testcase classname="com.renewBuy.tests.AmazonTests" name="verifyHomepageTitle" time="2.814"/>
  <testcase classname="com.renewBuy.tests.AmazonTests" name="searchProduct" time="12.557"/>
  <testcase classname="com.renewBuy.tests.AmazonTests" name="searchProductDataDriven" time="13.901"/>
  <testcase classname="com.renewBuy.tests.AmazonTests" name="searchProductDataDriven" time="14.466"/>
</testsuite> <!-- Homepage tests on Firefox -->
