<?xml version="1.0" encoding="UTF-8"?>
<testng-results ignored="0" total="2" passed="2" failed="0" skipped="0">
  <reporter-output>
  </reporter-output>
  <suite started-at="2022-06-17T13:22:45 IST" name="Default suite" finished-at="2022-06-17T13:23:20 IST" duration-ms="34711">
    <groups>
    </groups>
    <test started-at="2022-06-17T13:22:45 IST" name="Default test" finished-at="2022-06-17T13:23:20 IST" duration-ms="34711">
      <class name="com.renewBuy.tests.AmazonTests">
        <test-method is-config="true" signature="initialise()[pri:0, instance:com.renewBuy.tests.AmazonTests@1139b2f3]" started-at="2022-06-17T13:22:45 IST" name="initialise" finished-at="2022-06-17T13:22:45 IST" duration-ms="362" status="PASS">
          <reporter-output>
          </reporter-output>
        </test-method> <!-- initialise -->
        <test-method is-config="true" signature="preSetup()[pri:0, instance:com.renewBuy.tests.AmazonTests@1139b2f3]" started-at="2022-06-17T13:22:45 IST" name="preSetup" finished-at="2022-06-17T13:22:45 IST" duration-ms="5" status="PASS">
          <reporter-output>
          </reporter-output>
        </test-method> <!-- preSetup -->
        <test-method is-config="true" signature="setup()[pri:0, instance:com.renewBuy.tests.AmazonTests@1139b2f3]" started-at="2022-06-17T13:22:45 IST" name="setup" finished-at="2022-06-17T13:22:58 IST" duration-ms="12727" status="PASS">
          <reporter-output>
          </reporter-output>
        </test-method> <!-- setup -->
        <test-method signature="verifyHomepageTitle()[pri:1000, instance:com.renewBuy.tests.AmazonTests@1139b2f3]" started-at="2022-06-17T13:22:58 IST" name="verifyHomepageTitle" finished-at="2022-06-17T13:23:01 IST" duration-ms="3068" status="PASS">
          <reporter-output>
          </reporter-output>
        </test-method> <!-- verifyHomepageTitle -->
        <test-method is-config="true" signature="cleanUp()[pri:0, instance:com.renewBuy.tests.AmazonTests@1139b2f3]" started-at="2022-06-17T13:23:01 IST" name="cleanUp" finished-at="2022-06-17T13:23:01 IST" duration-ms="248" status="PASS">
          <reporter-output>
          </reporter-output>
        </test-method> <!-- cleanUp -->
        <test-method is-config="true" signature="setup()[pri:0, instance:com.renewBuy.tests.AmazonTests@1139b2f3]" started-at="2022-06-17T13:23:01 IST" name="setup" finished-at="2022-06-17T13:23:09 IST" duration-ms="7877" status="PASS">
          <reporter-output>
          </reporter-output>
        </test-method> <!-- setup -->
        <test-method signature="searchProduct()[pri:2000, instance:com.renewBuy.tests.AmazonTests@1139b2f3]" started-at="2022-06-17T13:23:09 IST" name="searchProduct" finished-at="2022-06-17T13:23:20 IST" duration-ms="10467" status="PASS">
          <reporter-output>
          </reporter-output>
        </test-method> <!-- searchProduct -->
        <test-method is-config="true" signature="cleanUp()[pri:0, instance:com.renewBuy.tests.AmazonTests@1139b2f3]" started-at="2022-06-17T13:23:20 IST" name="cleanUp" finished-at="2022-06-17T13:23:20 IST" duration-ms="221" status="PASS">
          <reporter-output>
          </reporter-output>
        </test-method> <!-- cleanUp -->
        <test-method is-config="true" signature="afterClass()[pri:0, instance:com.renewBuy.tests.AmazonTests@1139b2f3]" started-at="2022-06-17T13:23:20 IST" name="afterClass" finished-at="2022-06-17T13:23:20 IST" duration-ms="1" status="PASS">
          <reporter-output>
          </reporter-output>
        </test-method> <!-- afterClass -->
        <test-method is-config="true" signature="cleanupAfterSuite()[pri:0, instance:com.renewBuy.tests.AmazonTests@1139b2f3]" started-at="2022-06-17T13:23:20 IST" name="cleanupAfterSuite" finished-at="2022-06-17T13:23:20 IST" duration-ms="547" status="PASS">
          <reporter-output>
          </reporter-output>
        </test-method> <!-- cleanupAfterSuite -->
      </class> <!-- com.renewBuy.tests.AmazonTests -->
    </test> <!-- Default test -->
  </suite> <!-- Default suite -->
</testng-results>
