<?xml version="1.0" encoding="UTF-8"?>
<testng-results ignored="1" total="2" passed="1" failed="0" skipped="0">
  <reporter-output>
  </reporter-output>
  <suite started-at="2022-06-23T12:20:39 IST" name="Default suite" finished-at="2022-06-23T12:21:07 IST" duration-ms="28239">
    <groups>
    </groups>
    <test started-at="2022-06-23T12:20:39 IST" name="Default test" finished-at="2022-06-23T12:21:07 IST" duration-ms="28239">
      <class name="com.renewBuy.tests.AmazonTests">
        <test-method is-config="true" signature="initialise()[pri:0, instance:com.renewBuy.tests.AmazonTests@15eb5ee5]" started-at="2022-06-23T12:20:38 IST" name="initialise" finished-at="2022-06-23T12:20:39 IST" duration-ms="330" status="PASS">
          <reporter-output>
          </reporter-output>
        </test-method> <!-- initialise -->
        <test-method is-config="true" signature="preSetup()[pri:0, instance:com.renewBuy.tests.AmazonTests@15eb5ee5]" started-at="2022-06-23T12:20:39 IST" name="preSetup" finished-at="2022-06-23T12:20:39 IST" duration-ms="4" status="PASS">
          <reporter-output>
          </reporter-output>
        </test-method> <!-- preSetup -->
        <test-method is-config="true" signature="setup()[pri:0, instance:com.renewBuy.tests.AmazonTests@15eb5ee5]" started-at="2022-06-23T12:20:39 IST" name="setup" finished-at="2022-06-23T12:20:50 IST" duration-ms="11103" status="PASS">
          <reporter-output>
          </reporter-output>
        </test-method> <!-- setup -->
        <test-method signature="searchProduct()[pri:2000, instance:com.renewBuy.tests.AmazonTests@15eb5ee5]" started-at="2022-06-23T12:20:50 IST" name="searchProduct" finished-at="2022-06-23T12:21:07 IST" duration-ms="16846" status="PASS">
          <reporter-output>
          </reporter-output>
        </test-method> <!-- searchProduct -->
        <test-method is-config="true" signature="cleanUp(org.testng.ITestResult)[pri:0, instance:com.renewBuy.tests.AmazonTests@15eb5ee5]" started-at="2022-06-23T12:21:07 IST" name="cleanUp" finished-at="2022-06-23T12:21:07 IST" duration-ms="227" status="PASS">
          <params>
            <param index="0">
              <value>
                <![CDATA[[TestResult name=searchProduct status=SUCCESS method=AmazonTests.searchProduct()[pri:2000, instance:com.renewBuy.tests.AmazonTests@15eb5ee5] output={null}]]]>
              </value>
            </param>
          </params>
          <reporter-output>
          </reporter-output>
        </test-method> <!-- cleanUp -->
        <test-method is-config="true" signature="afterClass()[pri:0, instance:com.renewBuy.tests.AmazonTests@15eb5ee5]" started-at="2022-06-23T12:21:07 IST" name="afterClass" finished-at="2022-06-23T12:21:07 IST" duration-ms="1" status="PASS">
          <reporter-output>
          </reporter-output>
        </test-method> <!-- afterClass -->
        <test-method is-config="true" signature="cleanupAfterSuite()[pri:0, instance:com.renewBuy.tests.AmazonTests@15eb5ee5]" started-at="2022-06-23T12:21:07 IST" name="cleanupAfterSuite" finished-at="2022-06-23T12:21:07 IST" duration-ms="416" status="PASS">
          <reporter-output>
          </reporter-output>
        </test-method> <!-- cleanupAfterSuite -->
      </class> <!-- com.renewBuy.tests.AmazonTests -->
    </test> <!-- Default test -->
  </suite> <!-- Default suite -->
</testng-results>
